[debug] [2025-06-05T19:02:32.693Z] ----------------------------------------------------------------------
[debug] [2025-06-05T19:02:32.696Z] Command:       C:\Program Files\nodejs\node.exe C:\Users\NIPA\AppData\Roaming\npm\node_modules\firebase-tools\lib\bin\firebase.js init
[debug] [2025-06-05T19:02:32.697Z] CLI Version:   14.6.0
[debug] [2025-06-05T19:02:32.697Z] Platform:      win32
[debug] [2025-06-05T19:02:32.697Z] Node Version:  v22.14.0
[debug] [2025-06-05T19:02:32.697Z] Time:          Fri Jun 06 2025 00:32:32 GMT+0530 (India Standard Time)
[debug] [2025-06-05T19:02:32.697Z] ----------------------------------------------------------------------
[debug] 
[debug] [2025-06-05T19:02:32.704Z] > command requires scopes: ["email","openid","https://www.googleapis.com/auth/cloudplatformprojects.readonly","https://www.googleapis.com/auth/firebase","https://www.googleapis.com/auth/cloud-platform"]
[debug] [2025-06-05T19:02:32.704Z] > authorizing via signed-in user (krishnendumanna02@gmail.com)
[info] 
     ######## #### ########  ######## ########     ###     ######  ########
     ##        ##  ##     ## ##       ##     ##  ##   ##  ##       ##
     ######    ##  ########  ######   ########  #########  ######  ######
     ##        ##  ##    ##  ##       ##     ## ##     ##       ## ##
     ##       #### ##     ## ######## ########  ##     ##  ######  ########

You're about to initialize a Firebase project in this directory:

  F:\PCMT\4th Year\8th Sem\College Project\text-to-image

[info] 
=== Project Setup
[info] 
[info] First, let's associate this project directory with a Firebase project.
[info] You can create multiple project aliases by running firebase use --add, 
[info] but for now we'll just set up a default project.
[info] 
[debug] [2025-06-05T19:03:06.944Z] Checked if tokens are valid: true, expires at: 1749153107571
[debug] [2025-06-05T19:03:06.944Z] Checked if tokens are valid: true, expires at: 1749153107571
[debug] [2025-06-05T19:03:06.948Z] >>> [apiv2][query] GET https://firebase.googleapis.com/v1beta1/projects pageSize=100
[debug] [2025-06-05T19:03:08.037Z] <<< [apiv2][status] GET https://firebase.googleapis.com/v1beta1/projects 200
[debug] [2025-06-05T19:03:08.037Z] <<< [apiv2][body] GET https://firebase.googleapis.com/v1beta1/projects [omitted]
[info] i  Using project text-to-image-001 (Text to Image) 
[info] 
=== Hosting Setup
[debug] [2025-06-05T19:03:09.470Z] Checked if tokens are valid: true, expires at: 1749153107571
[debug] [2025-06-05T19:03:09.470Z] Checked if tokens are valid: true, expires at: 1749153107571
[debug] [2025-06-05T19:03:09.470Z] >>> [apiv2][query] GET https://firebase.googleapis.com/v1beta1/projects/text-to-image-001 [none]
[debug] [2025-06-05T19:03:09.833Z] <<< [apiv2][status] GET https://firebase.googleapis.com/v1beta1/projects/text-to-image-001 200
[debug] [2025-06-05T19:03:09.833Z] <<< [apiv2][body] GET https://firebase.googleapis.com/v1beta1/projects/text-to-image-001 {"projectId":"text-to-image-001","projectNumber":"12558228","displayName":"Text to Image","name":"projects/text-to-image-001","resources":{"hostingSite":"text-to-image-001"},"state":"ACTIVE","etag":"1_2d0fe103-d441-4d0b-baaa-f0839ea07be4"}
[info] 
[info] Your public directory is the folder (relative to your project directory) that
[info] will contain Hosting assets to be uploaded with firebase deploy. If you
[info] have a build process for your assets, use your build's output directory.
[info] 
